<?xml version="1.0" encoding="utf-8"?>
<test-run id="2" testcasecount="686" result="Skipped:Ignored" total="686" passed="684" failed="0" inconclusive="0" skipped="2" asserts="0" engine-version="3.5.0.0" clr-version="4.0.30319.42000" start-time="2024-01-01 23:49:56Z" end-time="2024-01-02 00:00:00Z" duration="603.8363392">
  <test-suite type="TestSuite" id="1000" name="GDX" fullname="GDX" runstate="Runnable" testcasecount="690" result="Skipped" label="Ignored" start-time="2024-01-01 23:49:56Z" end-time="2024-01-02 00:00:00Z" duration="603.836339" total="686" passed="684" failed="0" inconclusive="0" skipped="2" asserts="0">
    <properties />
    <reason>
      <message><![CDATA[One or more child tests were ignored]]></message>
    </reason>
    <test-suite type="Assembly" id="1026" name="GDX.Editor.Tests.EditMode.dll" fullname="D:/BuildAgent/work/GDX-Documentation/Projects/GDX_Development/Library/ScriptAssemblies/GDX.Editor.Tests.EditMode.dll" runstate="Runnable" testcasecount="16" result="Passed" start-time="2024-01-01 23:49:56Z" end-time="2024-01-01 23:50:07Z" duration="10.680924" total="16" passed="16" failed="0" inconclusive="0" skipped="0" asserts="0">
      <properties>
        <property name="_PID" value="13056" />
        <property name="_APPDOMAIN" value="Unity Child Domain" />
        <property name="platform" value="EditMode" />
      </properties>
      <test-suite type="TestSuite" id="1027" name="GDX" fullname="GDX" runstate="Runnable" testcasecount="16" result="Passed" start-time="2024-01-01 23:49:56Z" end-time="2024-01-01 23:50:07Z" duration="10.676873" total="16" passed="16" failed="0" inconclusive="0" skipped="0" asserts="0">
        <properties />
        <test-suite type="TestSuite" id="1028" name="Editor" fullname="GDX.Editor" runstate="Runnable" testcasecount="16" result="Passed" start-time="2024-01-01 23:49:56Z" end-time="2024-01-01 23:50:07Z" duration="10.675715" total="16" passed="16" failed="0" inconclusive="0" skipped="0" asserts="0">
          <properties />
          <test-suite type="TestFixture" id="1003" name="AutomationTests" fullname="GDX.Editor.AutomationTests" classname="GDX.Editor.AutomationTests" runstate="Runnable" testcasecount="6" result="Passed" start-time="2024-01-01 23:49:56Z" end-time="2024-01-01 23:49:56Z" duration="0.011581" total="6" passed="6" failed="0" inconclusive="0" skipped="0" asserts="0">
            <properties />
            <test-case id="1004" name="CaptureEditorWindow_SceneView_ReturnsTexture" fullname="GDX.Editor.AutomationTests.CaptureEditorWindow_SceneView_ReturnsTexture" methodname="CaptureEditorWindow_SceneView_ReturnsTexture" classname="GDX.Editor.AutomationTests" runstate="Runnable" seed="1667595467" result="Passed" start-time="2024-01-01 23:49:34Z" end-time="2024-01-01 23:49:35Z" duration="0.876401" asserts="0">
              <properties>
                <property name="Category" value="GDX.Tests" />
              </properties>
              <output><![CDATA[[Code Coverage] Code Coverage results for visited sequence points were saved in D:/BuildAgent/work/GDX-Documentation/Staging/CodeCoverage/GDX_Development-opencov/EditMode/TestCoverageResults_0001.xml
[Code Coverage] Code Coverage requires Burst Compilation to be disabled in order to obtain accurate coverage information. To disable Burst Compilation uncheck Jobs > Burst > Enable Compilation or pass '--burst-disable-compilation' to the command line in batchmode.
]]></output>
            </test-case>
            <test-case id="1009" name="CaptureEditorWindow_SceneView_SameTexture" fullname="GDX.Editor.AutomationTests.CaptureEditorWindow_SceneView_SameTexture" methodname="CaptureEditorWindow_SceneView_SameTexture" classname="GDX.Editor.AutomationTests" runstate="Runnable" seed="65791852" result="Passed" start-time="2024-01-01 23:49:36Z" end-time="2024-01-01 23:49:38Z" duration="1.627832" asserts="0">
              <properties>
                <property name="_JOINTYPE" value="UnityCombinatorial" />
                <property name="Category" value="GDX.Tests" />
              </properties>
              <output><![CDATA[[Code Coverage] Code Coverage results for visited sequence points were saved in D:/BuildAgent/work/GDX-Documentation/Staging/CodeCoverage/GDX_Development-opencov/EditMode/TestCoverageResults_0002.xml
[Code Coverage] Code Coverage requires Burst Compilation to be disabled in order to obtain accurate coverage information. To disable Burst Compilation uncheck Jobs > Burst > Enable Compilation or pass '--burst-disable-compilation' to the command line in batchmode.
]]></output>
            </test-case>
            <test-case id="1005" name="CaptureEditorWindowToPNG_SceneView_OutputsImage" fullname="GDX.Editor.AutomationTests.CaptureEditorWindowToPNG_SceneView_OutputsImage" methodname="CaptureEditorWindowToPNG_SceneView_OutputsImage" classname="GDX.Editor.AutomationTests" runstate="Runnable" seed="861210917" result="Passed" start-time="2024-01-01 23:49:38Z" end-time="2024-01-01 23:49:38Z" duration="0.134956" asserts="0">
              <properties>
                <property name="Category" value="GDX.Tests" />
              </properties>
              <output><![CDATA[[Code Coverage] Code Coverage results for visited sequence points were saved in D:/BuildAgent/work/GDX-Documentation/Staging/CodeCoverage/GDX_Development-opencov/EditMode/TestCoverageResults_0003.xml
[Code Coverage] Code Coverage requires Burst Compilation to be disabled in order to obtain accurate coverage information. To disable Burst Compilation uncheck Jobs > Burst > Enable Compilation or pass '--burst-disable-compilation' to the command line in batchmode.
]]></output>
            </test-case>
            <test-case id="1006" name="CaptureFocusedEditorWindow_ReturnsTexture" fullname="GDX.Editor.AutomationTests.CaptureFocusedEditorWindow_ReturnsTexture" methodname="CaptureFocusedEditorWindow_ReturnsTexture" classname="GDX.Editor.AutomationTests" runstate="Runnable" seed="1877594003" result="Passed" start-time="2024-01-01 23:49:39Z" end-time="2024-01-01 23:49:39Z" duration="0.050884" asserts="0">
              <properties>
                <property name="Category" value="GDX.Tests" />
              </properties>
              <output><![CDATA[[Code Coverage] Code Coverage results for visited sequence points were saved in D:/BuildAgent/work/GDX-Documentation/Staging/CodeCoverage/GDX_Development-opencov/EditMode/TestCoverageResults_0004.xml
[Code Coverage] Code Coverage requires Burst Compilation to be disabled in order to obtain accurate coverage information. To disable Burst Compilation uncheck Jobs > Burst > Enable Compilation or pass '--burst-disable-compilation' to the command line in batchmode.
]]></output>
            </test-case>
            <test-case id="1007" name="CaptureFocusedEditorWindowToPNG_OutputsImage" fullname="GDX.Editor.AutomationTests.CaptureFocusedEditorWindowToPNG_OutputsImage" methodname="CaptureFocusedEditorWindowToPNG_OutputsImage" classname="GDX.Editor.AutomationTests" runstate="Runnable" seed="794430430" result="Passed" start-time="2024-01-01 23:49:40Z" end-time="2024-01-01 23:49:40Z" duration="0.054053" asserts="0">
              <properties>
                <property name="Category" value="GDX.Tests" />
              </properties>
              <output><![CDATA[[Code Coverage] Code Coverage results for visited sequence points were saved in D:/BuildAgent/work/GDX-Documentation/Staging/CodeCoverage/GDX_Development-opencov/EditMode/TestCoverageResults_0005.xml
[Code Coverage] Code Coverage requires Burst Compilation to be disabled in order to obtain accurate coverage information. To disable Burst Compilation uncheck Jobs > Burst > Enable Compilation or pass '--burst-disable-compilation' to the command line in batchmode.
]]></output>
            </test-case>
            <test-case id="1008" name="GetWindow_SceneView_NotNull" fullname="GDX.Editor.AutomationTests.GetWindow_SceneView_NotNull" methodname="GetWindow_SceneView_NotNull" classname="GDX.Editor.AutomationTests" runstate="Runnable" seed="1464044106" result="Passed" start-time="2024-01-01 23:49:41Z" end-time="2024-01-01 23:49:41Z" duration="0.072625" asserts="0">
              <properties>
                <property name="Category" value="GDX.Tests" />
              </properties>
              <output><![CDATA[[Code Coverage] Code Coverage results for visited sequence points were saved in D:/BuildAgent/work/GDX-Documentation/Staging/CodeCoverage/GDX_Development-opencov/EditMode/TestCoverageResults_0006.xml
[Code Coverage] Code Coverage requires Burst Compilation to be disabled in order to obtain accurate coverage information. To disable Burst Compilation uncheck Jobs > Burst > Enable Compilation or pass '--burst-disable-compilation' to the command line in batchmode.
]]></output>
            </test-case>
          </test-suite>
          <test-suite type="TestSuite" id="1032" name="Build" fullname="GDX.Editor.Build" runstate="Runnable" testcasecount="1" result="Passed" start-time="2024-01-01 23:49:56Z" end-time="2024-01-01 23:49:56Z" duration="0.000657" total="1" passed="1" failed="0" inconclusive="0" skipped="0" asserts="0">
            <properties />
            <test-suite type="TestFixture" id="1024" name="BuildInfoProviderTests" fullname="GDX.Editor.Build.BuildInfoProviderTests" classname="GDX.Editor.Build.BuildInfoProviderTests" runstate="Runnable" testcasecount="1" result="Passed" start-time="2024-01-01 23:49:56Z" end-time="2024-01-01 23:49:56Z" duration="0.000359" total="1" passed="1" failed="0" inconclusive="0" skipped="0" asserts="0">
              <properties />
              <test-case id="1025" name="GetContent_ForceDefaults_ReturnsDefaultContent" fullname="GDX.Editor.Build.BuildInfoProviderTests.GetContent_ForceDefaults_ReturnsDefaultContent" methodname="GetContent_ForceDefaults_ReturnsDefaultContent" classname="GDX.Editor.Build.BuildInfoProviderTests" runstate="Runnable" seed="1763126664" result="Passed" start-time="2024-01-01 23:49:42Z" end-time="2024-01-01 23:49:42Z" duration="0.001230" asserts="0">
                <properties>
                  <property name="Category" value="GDX.Tests" />
                </properties>
                <output><![CDATA[[Code Coverage] Code Coverage results for visited sequence points were saved in D:/BuildAgent/work/GDX-Documentation/Staging/CodeCoverage/GDX_Development-opencov/EditMode/TestCoverageResults_0007.xml
[Code Coverage] Code Coverage requires Burst Compilation to be disabled in order to obtain accurate coverage information. To disable Burst Compilation uncheck Jobs > Burst > Enable Compilation or pass '--burst-disable-compilation' to the command line in batchmode.
]]></output>
              </test-case>
            </test-suite>
          </test-suite>
          <test-suite type="TestFixture" id="1010" name="DomainReloadTests" fullname="GDX.Editor.DomainReloadTests" classname="GDX.Editor.DomainReloadTests" runstate="Runnable" testcasecount="2" result="Passed" start-time="2024-01-01 23:49:56Z" end-time="2024-01-01 23:49:58Z" duration="2.180202" total="2" passed="2" failed="0" inconclusive="0" skipped="0" asserts="0">
            <properties />
            <test-case id="1012" name="Recompile_JobsLeakDetection_NoUnexpectedMessages" fullname="GDX.Editor.DomainReloadTests.Recompile_JobsLeakDetection_NoUnexpectedMessages" methodname="Recompile_JobsLeakDetection_NoUnexpectedMessages" classname="GDX.Editor.DomainReloadTests" runstate="Runnable" seed="349004009" result="Passed" start-time="2024-01-01 23:49:56Z" end-time="2024-01-01 23:49:56Z" duration="0.018609" asserts="0">
              <properties>
                <property name="_JOINTYPE" value="UnityCombinatorial" />
                <property name="Category" value="GDX.Tests" />
              </properties>
              <reason>
                <message><![CDATA[]]></message>
              </reason>
              <output><![CDATA[[Code Coverage] Code Coverage results for visited sequence points were saved in D:/BuildAgent/work/GDX-Documentation/Staging/CodeCoverage/GDX_Development-opencov/EditMode/TestCoverageResults_0010.xml
[Code Coverage] Code Coverage requires Burst Compilation to be disabled in order to obtain accurate coverage information. To disable Burst Compilation uncheck Jobs > Burst > Enable Compilation or pass '--burst-disable-compilation' to the command line in batchmode.
]]></output>
            </test-case>
            <test-case id="1011" name="Recompile_NoLeakDetection_NoUnexpectedMessages" fullname="GDX.Editor.DomainReloadTests.Recompile_NoLeakDetection_NoUnexpectedMessages" methodname="Recompile_NoLeakDetection_NoUnexpectedMessages" classname="GDX.Editor.DomainReloadTests" runstate="Runnable" seed="891184461" result="Passed" start-time="2024-01-01 23:49:43Z" end-time="2024-01-01 23:49:58Z" duration="15.150380" asserts="0">
              <properties>
                <property name="_JOINTYPE" value="UnityCombinatorial" />
                <property name="Category" value="GDX.Tests" />
              </properties>
              <output><![CDATA[[Code Coverage] Code Coverage results for visited sequence points were saved in D:/BuildAgent/work/GDX-Documentation/Staging/CodeCoverage/GDX_Development-opencov/EditMode/TestCoverageResults_0011.xml
[Code Coverage] Code Coverage requires Burst Compilation to be disabled in order to obtain accurate coverage information. To disable Burst Compilation uncheck Jobs > Burst > Enable Compilation or pass '--burst-disable-compilation' to the command line in batchmode.
]]></output>
            </test-case>
          </test-suite>
          <test-suite type="TestFixture" id="1013" name="EditorTaskDirectorTests" fullname="GDX.Editor.EditorTaskDirectorTests" classname="GDX.Editor.EditorTaskDirectorTests" runstate="Runnable" testcasecount="1" result="Passed" start-time="2024-01-01 23:49:58Z" end-time="2024-01-01 23:50:01Z" duration="2.974568" total="1" passed="1" failed="0" inconclusive="0" skipped="0" asserts="0">
            <properties />
            <test-case id="1014" name="SetTickRate_QueuesOnLessThanZero_BusyWhenSet" fullname="GDX.Editor.EditorTaskDirectorTests.SetTickRate_QueuesOnLessThanZero_BusyWhenSet" methodname="SetTickRate_QueuesOnLessThanZero_BusyWhenSet" classname="GDX.Editor.EditorTaskDirectorTests" runstate="Runnable" seed="248142530" result="Passed" start-time="2024-01-01 23:49:58Z" end-time="2024-01-01 23:50:01Z" duration="2.202064" asserts="0">
              <properties>
                <property name="_JOINTYPE" value="UnityCombinatorial" />
                <property name="Category" value="GDX.Tests" />
              </properties>
              <output><![CDATA[[Code Coverage] Code Coverage results for visited sequence points were saved in D:/BuildAgent/work/GDX-Documentation/Staging/CodeCoverage/GDX_Development-opencov/EditMode/TestCoverageResults_0012.xml
[Code Coverage] Code Coverage requires Burst Compilation to be disabled in order to obtain accurate coverage information. To disable Burst Compilation uncheck Jobs > Burst > Enable Compilation or pass '--burst-disable-compilation' to the command line in batchmode.
]]></output>
            </test-case>
          </test-suite>
          <test-suite type="TestSuite" id="1031" name="Inspectors" fullname="GDX.Editor.Inspectors" runstate="Runnable" testcasecount="1" result="Passed" start-time="2024-01-01 23:50:01Z" end-time="2024-01-01 23:50:02Z" duration="0.807047" total="1" passed="1" failed="0" inconclusive="0" skipped="0" asserts="0">
            <properties />
            <test-suite type="TestFixture" id="1022" name="StableDataTableInspectorTests" fullname="GDX.Editor.Inspectors.StableDataTableInspectorTests" classname="GDX.Editor.Inspectors.StableDataTableInspectorTests" runstate="Runnable" testcasecount="1" result="Passed" start-time="2024-01-01 23:50:01Z" end-time="2024-01-01 23:50:02Z" duration="0.806060" total="1" passed="1" failed="0" inconclusive="0" skipped="0" asserts="0">
              <properties />
              <test-case id="1023" name="BuildExample_NoUnexpectedLogs" fullname="GDX.Editor.Inspectors.StableDataTableInspectorTests.BuildExample_NoUnexpectedLogs" methodname="BuildExample_NoUnexpectedLogs" classname="GDX.Editor.Inspectors.StableDataTableInspectorTests" runstate="Runnable" seed="1969556497" result="Passed" start-time="2024-01-01 23:50:01Z" end-time="2024-01-01 23:50:01Z" duration="0.022626" asserts="0">
                <properties>
                  <property name="Category" value="GDX.Tests" />
                </properties>
                <output><![CDATA[[Code Coverage] Code Coverage results for visited sequence points were saved in D:/BuildAgent/work/GDX-Documentation/Staging/CodeCoverage/GDX_Development-opencov/EditMode/TestCoverageResults_0013.xml
[Code Coverage] Code Coverage requires Burst Compilation to be disabled in order to obtain accurate coverage information. To disable Burst Compilation uncheck Jobs > Burst > Enable Compilation or pass '--burst-disable-compilation' to the command line in batchmode.
]]></output>
              </test-case>
            </test-suite>
          </test-suite>
          <test-suite type="TestFixture" id="1015" name="PackageProviderTests" fullname="GDX.Editor.PackageProviderTests" classname="GDX.Editor.PackageProviderTests" runstate="Runnable" testcasecount="1" result="Passed" start-time="2024-01-01 23:50:02Z" end-time="2024-01-01 23:50:03Z" duration="0.781733" total="1" passed="1" failed="0" inconclusive="0" skipped="0" asserts="0">
            <properties />
            <test-case id="1016" name="Get_DefaultPackage_NotNull" fullname="GDX.Editor.PackageProviderTests.Get_DefaultPackage_NotNull" methodname="Get_DefaultPackage_NotNull" classname="GDX.Editor.PackageProviderTests" runstate="Runnable" seed="1872043946" result="Passed" start-time="2024-01-01 23:50:02Z" end-time="2024-01-01 23:50:02Z" duration="0.000991" asserts="0">
              <properties>
                <property name="Category" value="GDX.Tests" />
              </properties>
              <output><![CDATA[[Code Coverage] Code Coverage results for visited sequence points were saved in D:/BuildAgent/work/GDX-Documentation/Staging/CodeCoverage/GDX_Development-opencov/EditMode/TestCoverageResults_0014.xml
[Code Coverage] Code Coverage requires Burst Compilation to be disabled in order to obtain accurate coverage information. To disable Burst Compilation uncheck Jobs > Burst > Enable Compilation or pass '--burst-disable-compilation' to the command line in batchmode.
]]></output>
            </test-case>
          </test-suite>
          <test-suite type="TestSuite" id="1029" name="Windows" fullname="GDX.Editor.Windows" runstate="Runnable" testcasecount="4" result="Passed" start-time="2024-01-01 23:50:03Z" end-time="2024-01-01 23:50:07Z" duration="3.900383" total="4" passed="4" failed="0" inconclusive="0" skipped="0" asserts="0">
            <properties />
            <test-suite type="TestSuite" id="1030" name="DataTables" fullname="GDX.Editor.Windows.DataTables" runstate="Runnable" testcasecount="4" result="Passed" start-time="2024-01-01 23:50:03Z" end-time="2024-01-01 23:50:07Z" duration="3.897233" total="4" passed="4" failed="0" inconclusive="0" skipped="0" asserts="0">
              <properties />
              <test-suite type="TestFixture" id="1017" name="DataTableWindowControllerTests" fullname="GDX.Editor.Windows.DataTables.DataTableWindowControllerTests" classname="GDX.Editor.Windows.DataTables.DataTableWindowControllerTests" runstate="Runnable" testcasecount="4" result="Passed" start-time="2024-01-01 23:50:03Z" end-time="2024-01-01 23:50:07Z" duration="3.888520" total="4" passed="4" failed="0" inconclusive="0" skipped="0" asserts="0">
                <properties />
                <test-case id="1018" name="AddColumn_OneString_Valid" fullname="GDX.Editor.Windows.DataTables.DataTableWindowControllerTests.AddColumn_OneString_Valid" methodname="AddColumn_OneString_Valid" classname="GDX.Editor.Windows.DataTables.DataTableWindowControllerTests" runstate="Runnable" seed="987296718" result="Passed" start-time="2024-01-01 23:50:03Z" end-time="2024-01-01 23:50:03Z" duration="0.349807" asserts="0">
                  <properties>
                    <property name="Category" value="GDX.Tests" />
                  </properties>
                  <output><![CDATA[[Code Coverage] Code Coverage results for visited sequence points were saved in D:/BuildAgent/work/GDX-Documentation/Staging/CodeCoverage/GDX_Development-opencov/EditMode/TestCoverageResults_0015.xml
[Code Coverage] Code Coverage requires Burst Compilation to be disabled in order to obtain accurate coverage information. To disable Burst Compilation uncheck Jobs > Burst > Enable Compilation or pass '--burst-disable-compilation' to the command line in batchmode.
]]></output>
                </test-case>
                <test-case id="1019" name="AddColumn_TenMixed_Valid" fullname="GDX.Editor.Windows.DataTables.DataTableWindowControllerTests.AddColumn_TenMixed_Valid" methodname="AddColumn_TenMixed_Valid" classname="GDX.Editor.Windows.DataTables.DataTableWindowControllerTests" runstate="Runnable" seed="1225153746" result="Passed" start-time="2024-01-01 23:50:04Z" end-time="2024-01-01 23:50:04Z" duration="0.059851" asserts="0">
                  <properties>
                    <property name="Category" value="GDX.Tests" />
                  </properties>
                  <output><![CDATA[[Code Coverage] Code Coverage results for visited sequence points were saved in D:/BuildAgent/work/GDX-Documentation/Staging/CodeCoverage/GDX_Development-opencov/EditMode/TestCoverageResults_0016.xml
[Code Coverage] Code Coverage requires Burst Compilation to be disabled in order to obtain accurate coverage information. To disable Burst Compilation uncheck Jobs > Burst > Enable Compilation or pass '--burst-disable-compilation' to the command line in batchmode.
]]></output>
                </test-case>
                <test-case id="1021" name="AddRemove_RemoveColumn_Count" fullname="GDX.Editor.Windows.DataTables.DataTableWindowControllerTests.AddRemove_RemoveColumn_Count" methodname="AddRemove_RemoveColumn_Count" classname="GDX.Editor.Windows.DataTables.DataTableWindowControllerTests" runstate="Runnable" seed="396380139" result="Passed" start-time="2024-01-01 23:50:05Z" end-time="2024-01-01 23:50:05Z" duration="0.070785" asserts="0">
                  <properties>
                    <property name="Category" value="GDX.Tests" />
                  </properties>
                  <output><![CDATA[[Code Coverage] Code Coverage results for visited sequence points were saved in D:/BuildAgent/work/GDX-Documentation/Staging/CodeCoverage/GDX_Development-opencov/EditMode/TestCoverageResults_0017.xml
[Code Coverage] Code Coverage requires Burst Compilation to be disabled in order to obtain accurate coverage information. To disable Burst Compilation uncheck Jobs > Burst > Enable Compilation or pass '--burst-disable-compilation' to the command line in batchmode.
]]></output>
                </test-case>
                <test-case id="1020" name="AddRow_One_Valid" fullname="GDX.Editor.Windows.DataTables.DataTableWindowControllerTests.AddRow_One_Valid" methodname="AddRow_One_Valid" classname="GDX.Editor.Windows.DataTables.DataTableWindowControllerTests" runstate="Runnable" seed="2062589046" result="Passed" start-time="2024-01-01 23:50:06Z" end-time="2024-01-01 23:50:06Z" duration="0.041761" asserts="0">
                  <properties>
                    <property name="Category" value="GDX.Tests" />
                  </properties>
                  <output><![CDATA[[Code Coverage] Code Coverage results for visited sequence points were saved in D:/BuildAgent/work/GDX-Documentation/Staging/CodeCoverage/GDX_Development-opencov/EditMode/TestCoverageResults_0018.xml
[Code Coverage] Code Coverage requires Burst Compilation to be disabled in order to obtain accurate coverage information. To disable Burst Compilation uncheck Jobs > Burst > Enable Compilation or pass '--burst-disable-compilation' to the command line in batchmode.
]]></output>
                </test-case>
              </test-suite>
            </test-suite>
          </test-suite>
        </test-suite>
      </test-suite>
    </test-suite>
    <test-suite type="Assembly" id="1762" name="GDX.Tests.EditMode.dll" fullname="D:/BuildAgent/work/GDX-Documentation/Projects/GDX_Development/Library/ScriptAssemblies/GDX.Tests.EditMode.dll" runstate="Runnable" testcasecount="674" result="Skipped" label="Ignored" start-time="2024-01-01 23:50:07Z" end-time="2024-01-02 00:00:00Z" duration="592.709488" total="670" passed="668" failed="0" inconclusive="0" skipped="2" asserts="0">
      <properties>
        <property name="_PID" value="13056" />
        <property name="_APPDOMAIN" value="Unity Child Domain" />
        <property name="platform" value="EditMode" />
      </properties>
      <reason>
        <message><![CDATA[One or more child tests were ignored]]></message>
      </reason>
      <test-suite type="TestSuite" id="1763" name="GDX" fullname="GDX" runstate="Runnable" testcasecount="674" result="Skipped" label="Ignored" start-time="2024-01-01 23:50:07Z" end-time="2024-01-02 00:00:00Z" duration="592.701701" total="670" passed="668" failed="0" inconclusive="0" skipped="2" asserts="0">
        <properties />
        <reason>
          <message><![CDATA[One or more child tests were ignored]]></message>
        </reason>
        <test-suite type="TestFixture" id="1033" name="Array2DExtensionsTests" fullname="GDX.Array2DExtensionsTests" classname="GDX.Array2DExtensionsTests" runstate="Runnable" testcasecount="1" result="Passed" start-time="2024-01-01 23:50:07Z" end-time="2024-01-01 23:50:08Z" duration="0.769057" total="1" passed="1" failed="0" inconclusive="0" skipped="0" asserts="0">
          <properties />
          <test-case id="1034" name="Scale_MockFloatData_ScaledData" fullname="GDX.Array2DExtensionsTests.Scale_MockFloatData_ScaledData" methodname="Scale_MockFloatData_ScaledData" classname="GDX.Array2DExtensionsTests" runstate="Runnable" seed="1980112988" result="Passed" start-time="2024-01-01 23:50:07Z" end-time="2024-01-01 23:50:07Z" duration="0.000788" asserts="0">
            <properties>
              <property name="Category" value="GDX.Tests" />
            </properties>
            <output><![CDATA[[Code Coverage] Code Coverage results for visited sequence points were saved in D:/BuildAgent/work/GDX-Documentation/Staging/CodeCoverage/GDX_Development-opencov/EditMode/TestCoverageResults_0019.xml
[Code Coverage] Code Coverage requires Burst Compilation to be disabled in order to obtain accurate coverage information. To disable Burst Compilation uncheck Jobs > Burst > Enable Compilation or pass '--burst-disable-compilation' to the command line in batchmode.
]]></output>
          </test-case>
        </test-suite>
        <test-suite type="TestFixture" id="1035" name="ArrayExtensionsTests" fullname="GDX.ArrayExtensionsTests" classname="GDX.ArrayExtensionsTests" runstate="Runnable" testcasecount="15" result="Passed" start-time="2024-01-01 23:50:08Z" end-time="2024-01-01 23:50:19Z" duration="11.628268" total="15" passed="15" failed="0" inconclusive="0" skipped="0" asserts="0">
          <properties />
          <test-case id="1036" name="Clear_MockData_HasDefaultValues" fullname="GDX.ArrayExtensionsTests.Clear_MockData_HasDefaultValues" methodname="Clear_MockData_HasDefaultValues" classname="GDX.ArrayExtensionsTests" runstate="Runnable" seed="1837355220" result="Passed" start-time="2024-01-01 23:50:08Z" end-time="2024-01-01 23:50:08Z" duration="0.000353" asserts="0">
            <properties>
              <property name="Category" value="GDX.Tests" />
            </properties>
            <output><![CDATA[[Code Coverage] Code Coverage results for visited sequence points were saved in D:/BuildAgent/work/GDX-Documentation/Staging/CodeCoverage/GDX_Development-opencov/EditMode/TestCoverageResults_0020.xml
[Code Coverage] Code Coverage requires Burst Compilation to be disabled in order to obtain accurate coverage information. To disable Burst Compilation uncheck Jobs > Burst > Enable Compilation or pass '--burst-disable-compilation' to the command line in batchmode.
]]></output>
          </test-case>
          <test-case id="1037" name="ContainsItem_MockData_HasValue" fullname="GDX.ArrayExtensionsTests.ContainsItem_MockData_HasValue" methodname="ContainsItem_MockData_HasValue" classname="GDX.ArrayExtensionsTests" runstate="Runnable" seed="1353869021" result="Passed" start-time="2024-01-01 23:50:08Z" end-time="2024-01-01 23:50:08Z" duration="0.000432" asserts="0">
            <properties>
              <property name="Category" value="GDX.Tests" />
            </properties>
            <output><![CDATA[[Code Coverage] Code Coverage results for visited sequence points were saved in D:/BuildAgent/work/GDX-Documentation/Staging/CodeCoverage/GDX_Development-opencov/EditMode/TestCoverageResults_0021.xml
[Code Coverage] Code Coverage requires Burst Compilation to be disabled in order to obtain accurate coverage information. To disable Burst Compilation uncheck Jobs > Burst > Enable Compilation or pass '--burst-disable-compilation' to the command line in batchmode.
]]></output>
          </test-case>
          <test-case id="1038" name="ContainsItem_MockData_NoValue" fullname="GDX.ArrayExtensionsTests.ContainsItem_MockData_NoValue" methodname="ContainsItem_MockData_NoValue" classname="GDX.ArrayExtensionsTests" runstate="Runnable" seed="1108584985" result="Passed" start-time="2024-01-01 23:50:09Z" end-time="2024-01-01 23:50:09Z" duration="0.000535" asserts="0">
            <properties>
              <property name="Category" value="GDX.Tests" />
            </properties>
            <output><![CDATA[[Code Coverage] Code Coverage results for visited sequence points were saved in D:/BuildAgent/work/GDX-Documentation/Staging/CodeCoverage/GDX_Development-opencov/EditMode/TestCoverageResults_0022.xml
[Code Coverage] Code Coverage requires Burst Compilation to be disabled in order to obtain accurate coverage information. To disable Burst Compilation uncheck Jobs > Burst > Enable Compilation or pass '--burst-disable-compilation' to the command line in batchmode.
]]></output>
          </test-case>
          <test-case id="1039" name="ContainsReference_MockData_HasReference" fullname="GDX.ArrayExtensionsTests.ContainsReference_MockData_HasReference" methodname="ContainsReference_MockData_HasReference" classname="GDX.ArrayExtensionsTests" runstate="Runnable" seed="1772107174" result="Passed" start-time="2024-01-01 23:50:10Z" end-time="2024-01-01 23:50:10Z" duration="0.000407" asserts="0">
            <properties>
              <property name="Category" value="GDX.Tests" />
            </properties>
            <output><![CDATA[[Code Coverage] Code Coverage results for visited sequence points were saved in D:/BuildAgent/work/GDX-Documentation/Staging/CodeCoverage/GDX_Development-opencov/EditMode/TestCoverageResults_0023.xml
[Code Coverage] Code Coverage requires Burst Compilation to be disabled in order to obtain accurate coverage information. To disable Burst Compilation uncheck Jobs > Burst > Enable Compilation or pass '--burst-disable-compilation' to the command line in batchmode.
]]></output>
          </test-case>
          <test-case id="1040" name="ContainsReference_MockData_NoReference" fullname="GDX.ArrayExtensionsTests.ContainsReference_MockData_NoReference" methodname="ContainsReference_MockData_NoReference" classname="GDX.ArrayExtensionsTests" runstate="Runnable" seed="1581983166" result="Passed" start-time="2024-01-01 23:50:11Z" end-time="2024-01-01 23:50:11Z" duration="0.000303" asserts="0">
            <properties>
              <property name="Category" value="GDX.Tests" />
            </properties>
            <output><![CDATA[[Code Coverage] Code Coverage results for visited sequence points were saved in D:/BuildAgent/work/GDX-Documentation/Staging/CodeCoverage/GDX_Development-opencov/EditMode/TestCoverageResults_0024.xml
[Code Coverage] Code Coverage requires Burst Compilation to be disabled in order to obtain accurate coverage information. To disable Burst Compilation uncheck Jobs > Burst > Enable Compilation or pass '--burst-disable-compilation' to the command line in batchmode.
]]></output>
          </test-case>
          <test-case id="1041" name="ContainsValue_MockData_HasValue" fullname="GDX.ArrayExtensionsTests.ContainsValue_MockData_HasValue" methodname="ContainsValue_MockData_HasValue" classname="GDX.ArrayExtensionsTests" runstate="Runnable" seed="693025473" result="Passed" start-time="2024-01-01 23:50:12Z" end-time="2024-01-01 23:50:12Z" duration="0.000397" asserts="0">
            <properties>
              <property name="Category" value="GDX.Tests" />
            </properties>
            <output><![CDATA[[Code Coverage] Code Coverage results for visited sequence points were saved in D:/BuildAgent/work/GDX-Documentation/Staging/CodeCoverage/GDX_Development-opencov/EditMode/TestCoverageResults_0025.xml
[Code Coverage] Code Coverage requires Burst Compilation to be disabled in order to obtain accurate coverage information. To disable Burst Compilation uncheck Jobs > Burst > Enable Compilation or pass '--burst-disable-compilation' to the command line in batchmode.
]]></output>
          </test-case>
          <test-case id="1042" name="ContainsValue_MockData_NoValue" fullname="GDX.ArrayExtensionsTests.ContainsValue_MockData_NoValue" methodname="ContainsValue_MockData_NoValue" classname="GDX.ArrayExtensionsTests" runstate="Runnable" seed="2036464793" result="Passed" start-time="2024-01-01 23:50:12Z" end-time="2024-01-01 23:50:12Z" duration="0.000377" asserts="0">
            <properties>
              <property name="Category" value="GDX.Tests" />
            </properties>
            <output><![CDATA[[Code Coverage] Code Coverage results for visited sequence points were saved in D:/BuildAgent/work/GDX-Documentation/Staging/CodeCoverage/GDX_Development-opencov/EditMode/TestCoverageResults_0026.xml
[Code Coverage] Code Coverage requires Burst Compilation to be disabled in order to obtain accurate coverage information. To disable Burst Compilation uncheck Jobs > Burst > Enable Compilation or pass '--burst-disable-compilation' to the command line in batchmode.
]]></output>
          </test-case>
          <test-case id="1043" name="FirstIndexOfItem_MockDataObject_ReturnsIndex" fullname="GDX.ArrayExtensionsTests.FirstIndexOfItem_MockDataObject_ReturnsIndex" methodname="FirstIndexOfItem_MockDataObject_ReturnsIndex" classname="GDX.ArrayExtensionsTests" runstate="Runnable" seed="1458544721" result="Passed" start-time="2024-01-01 23:50:13Z" end-time="2024-01-01 23:50:13Z" duration="0.000438" asserts="0">
            <properties>
              <property name="Category" value="GDX.Tests" />
            </properties>
            <output><![CDATA[[Code Coverage] Code Coverage results for visited sequence points were saved in D:/BuildAgent/work/GDX-Documentation/Staging/CodeCoverage/GDX_Development-opencov/EditMode/TestCoverageResults_0027.xml
[Code Coverage] Code Coverage requires Burst Compilation to be disabled in order to obtain accurate coverage information. To disable Burst Compilation uncheck Jobs > Burst > Enable Compilation or pass '--burst-disable-compilation' to the command line in batchmode.
]]></output>
          </test-case>
          <test-case id="1044" name="FirstIndexOfItem_NoMockDataObject_ReturnsIndex" fullname="GDX.ArrayExtensionsTests.FirstIndexOfItem_NoMockDataObject_ReturnsIndex" methodname="FirstIndexOfItem_NoMockDataObject_ReturnsIndex" classname="GDX.ArrayExtensionsTests" runstate="Runnable" seed="275608525" result="Passed" start-time="2024-01-01 23:50:14Z" end-time="2024-01-01 23:50:14Z" duration="0.000329" asserts="0">
            <properties>
              <property name="Category" value="GDX.Tests" />
            </properties>
            <output><![CDATA[[Code Coverage] Code Coverage results for visited sequence points were saved in D:/BuildAgent/work/GDX-Documentation/Staging/CodeCoverage/GDX_Development-opencov/EditMode/TestCoverageResults_0028.xml
[Code Coverage] Code Coverage requires Burst Compilation to be disabled in order to obtain accurate coverage information. To disable Burst Compilation uncheck Jobs > Burst > Enable Compilation or pass '--burst-disable-compilation' to the command line in batchmode.
]]></output>
          </test-case>
          <test-case id="1045" name="FirstIndexOfValue_MockDataValue_ReturnsIndex" fullname="GDX.ArrayExtensionsTests.FirstIndexOfValue_MockDataValue_ReturnsIndex" methodname="FirstIndexOfValue_MockDataValue_ReturnsIndex" classname="GDX.ArrayExtensionsTests" runstate="Runnable" seed="386835487" result="Passed" start-time="2024-01-01 23:50:15Z" end-time="2024-01-01 23:50:15Z" duration="0.000441" asserts="0">
            <properties>
              <property name="Category" value="GDX.Tests" />
            </properties>
            <output><![CDATA[[Code Coverage] Code Coverage results for visited sequence points were saved in D:/BuildAgent/work/GDX-Documentation/Staging/CodeCoverage/GDX_Development-opencov/EditMode/TestCoverageResults_0029.xml
[Code Coverage] Code Coverage requires Burst Compilation to be disabled in order to obtain accurate coverage information. To disable Burst Compilation uncheck Jobs > Burst > Enable Compilation or pass '--burst-disable-compilation' to the command line in batchmode.
]]></output>
          </test-case>
          <test-case id="1046" name="FirstIndexOfValue_NoMockDataValue_ReturnsNegativeOne" fullname="GDX.ArrayExtensionsTests.FirstIndexOfValue_NoMockDataValue_ReturnsNegativeOne" methodname="FirstIndexOfValue_NoMockDataValue_ReturnsNegativeOne" classname="GDX.ArrayExtensionsTests" runstate="Runnable" seed="1195692795" result="Passed" start-time="2024-01-01 23:50:16Z" end-time="2024-01-01 23:50:16Z" duration="0.000296" asserts="0">
            <properties>
              <property name="Category" value="GDX.Tests" />
            </properties>
            <output><![CDATA[[Code Coverage] Code Coverage results for visited sequence points were saved in D:/BuildAgent/work/GDX-Documentation/Staging/CodeCoverage/GDX_Development-opencov/EditMode/TestCoverageResults_0030.xml
[Code Coverage] Code Coverage requires Burst Compilation to be disabled in order to obtain accurate coverage information. To disable Burst Compilation uncheck Jobs > Burst > Enable Compilation or pass '--burst-disable-compilation' to the command line in batchmode.
]]></output>
          </test-case>
          <test-case id="1047" name="LastIndexOfItem_MockDataObject_ReturnsIndex" fullname="GDX.ArrayExtensionsTests.LastIndexOfItem_MockDataObject_ReturnsIndex" methodname="LastIndexOfItem_MockDataObject_ReturnsIndex" classname="GDX.ArrayExtensionsTests" runstate="Runnable" seed="1233948767" result="Passed" start-time="2024-01-01 23:50:16Z" end-time="2024-01-01 23:50:16Z" duration="0.000422" asserts="0">
            <properties>
              <property name="Category" value="GDX.Tests" />
            </properties>
            <output><![CDATA[[Code Coverage] Code Coverage results for visited sequence points were saved in D:/BuildAgent/work/GDX-Documentation/Staging/CodeCoverage/GDX_Development-opencov/EditMode/TestCoverageResults_0031.xml
[Code Coverage] Code Coverage requires Burst Compilation to be disabled in order to obtain accurate coverage information. To disable Burst Compilation uncheck Jobs > Burst > Enable Compilation or pass '--burst-disable-compilation' to the command line in batchmode.
]]></output>
          </test-case>
          <test-case id="1048" name="LastIndexOfItem_NoMockDataObject_ReturnsNegativeOne" fullname="GDX.ArrayExtensionsTests.LastIndexOfItem_NoMockDataObject_ReturnsNegativeOne" methodname="LastIndexOfItem_NoMockDataObject_ReturnsNegativeOne" classname="GDX.ArrayExtensionsTests" runstate="Runnable" seed="524231506" result="Passed" start-time="2024-01-01 23:50:17Z" end-time="2024-01-01 23:50:17Z" duration="0.000583" asserts="0">
            <properties>
              <property name="Category" value="GDX.Tests" />
            </properties>
            <output><![CDATA[[Code Coverage] Code Coverage results for visited sequence points were saved in D:/BuildAgent/work/GDX-Documentation/Staging/CodeCoverage/GDX_Development-opencov/EditMode/TestCoverageResults_0032.xml
[Code Coverage] Code Coverage requires Burst Compilation to be disabled in order to obtain accurate coverage information. To disable Burst Compilation uncheck Jobs > Burst > Enable Compilation or pass '--burst-disable-compilation' to the command line in batchmode.
]]></output>
          </test-case>
          <test-case id="1049" name="LastIndexOfValue_MockDataValue_ReturnsIndex" fullname="GDX.ArrayExtensionsTests.LastIndexOfValue_MockDataValue_ReturnsIndex" methodname="LastIndexOfValue_MockDataValue_ReturnsIndex" classname="GDX.ArrayExtensionsTests" runstate="Runnable" seed="1440773717" result="Passed" start-time="2024-01-01 23:50:18Z" end-time="2024-01-01 23:50:18Z" duration="0.000445" asserts="0">
            <properties>
              <property name="Category" value="GDX.Tests" />
            </properties>
            <output><![CDATA[[Code Coverage] Code Coverage results for visited sequence points were saved in D:/BuildAgent/work/GDX-Documentation/Staging/CodeCoverage/GDX_Development-opencov/EditMode/TestCoverageResults_0033.xml
[Code Coverage] Code Coverage requires Burst Compilation to be disabled in order to obtain accurate coverage information. To disable Burst Compilation uncheck Jobs > Burst > Enable Compilation or pass '--burst-disable-compilation' to the command line in batchmode.
]]></output>
          </test-case>
          <test-case id="1050" name="LastIndexOfValue_NoMockDataValue_ReturnsNegativeOne" fullname="GDX.ArrayExtensionsTests.LastIndexOfValue_NoMockDataValue_ReturnsNegativeOne" methodname="LastIndexOfValue_NoMockDataValue_ReturnsNegativeOne" classname="GDX.ArrayExtensionsTests" runstate="Runnable" seed="1913757131" result="Passed" start-time="2024-01-01 23:50:19Z" end-time="2024-01-01 23:50:19Z" duration="0.000299" asserts="0">
            <properties>
              <property name="Category" value="GDX.Tests" />
            </properties>
            <output><![CDATA[[Code Coverage] Code Coverage results for visited sequence points were saved in D:/BuildAgent/work/GDX-Documentation/Staging/CodeCoverage/GDX_Development-opencov/EditMode/TestCoverageResults_0034.xml
[Code Coverage] Code Coverage requires Burst Compilation to be disabled in order to obtain accurate coverage information. To disable Burst Compilation uncheck Jobs > Burst > Enable Compilation or pass '--burst-disable-compilation' to the command line in batchmode.
]]></output>
          </test-case>
        </test-suite>
        <test-suite type="TestFixture" id="1051" name="ByteExtensionsTests" fullname="GDX.ByteExtensionsTests" classname="GDX.ByteExtensionsTests" runstate="Runnable" testcasecount="6" result="Passed" start-time="2024-01-01 23:50:19Z" end-time="2024-01-01 23:50:24Z" duration="4.911004" total="6" passed="6" failed="0" inconclusive="0" skipped="0" asserts="0">
          <properties />
          <test-case id="1052" name="GetStableHashCode_MockData_ReturnsValidCode" fullname="GDX.ByteExtensionsTests.GetStableHashCode_MockData_ReturnsValidCode" methodname="GetStableHashCode_MockData_ReturnsValidCode" classname="GDX.ByteExtensionsTests" runstate="Runnable" seed="921781822" result="Passed" start-time="2024-01-01 23:50:19Z" end-time="2024-01-01 23:50:19Z" duration="0.000398" asserts="0">
            <properties>
              <property name="Category" value="GDX.Tests" />
            </properties>
            <output><![CDATA[[Code Coverage] Code Coverage results for visited sequence points were saved in D:/BuildAgent/work/GDX-Documentation/Staging/CodeCoverage/GDX_Development-opencov/EditMode/TestCoverageResults_0035.xml
[Code Coverage] Code Coverage requires Burst Compilation to be disabled in order to obtain accurate coverage information. To disable Burst Compilation uncheck Jobs > Burst > Enable Compilation or pass '--burst-disable-compilation' to the command line in batchmode.
]]></output>
          </test-case>
          <test-case id="1054" name="IsSame_DifferentData_ReturnsFalse" fullname="GDX.ByteExtensionsTests.IsSame_DifferentData_ReturnsFalse" methodname="IsSame_DifferentData_ReturnsFalse" classname="GDX.ByteExtensionsTests" runstate="Runnable" seed="1572615934" result="Passed" start-time="2024-01-01 23:50:20Z" end-time="2024-01-01 23:50:20Z" duration="0.000396" asserts="0">
            <properties>
              <property name="Category" value="GDX.Tests" />
            </properties>
            <output><![CDATA[[Code Coverage] Code Coverage results for visited sequence points were saved in D:/BuildAgent/work/GDX-Documentation/Staging/CodeCoverage/GDX_Development-opencov/EditMode/TestCoverageResults_0036.xml
[Code Coverage] Code Coverage requires Burst Compilation to be disabled in order to obtain accurate coverage information. To disable Burst Compilation uncheck Jobs > Burst > Enable Compilation or pass '--burst-disable-compilation' to the command line in batchmode.
]]></output>
          </test-case>
          <test-case id="1057" name="IsSame_DifferentLengths_ReturnsFalse" fullname="GDX.ByteExtensionsTests.IsSame_DifferentLengths_ReturnsFalse" methodname="IsSame_DifferentLengths_ReturnsFalse" classname="GDX.ByteExtensionsTests" runstate="Runnable" seed="1181804630" result="Passed" start-time="2024-01-01 23:50:21Z" end-time="2024-01-01 23:50:21Z" duration="0.000293" asserts="0">
            <properties>
              <property name="Category" value="GDX.Tests" />
            </properties>
            <output><![CDATA[[Code Coverage] Code Coverage results for visited sequence points were saved in D:/BuildAgent/work/GDX-Documentation/Staging/CodeCoverage/GDX_Development-opencov/EditMode/TestCoverageResults_0037.xml
[Code Coverage] Code Coverage requires Burst Compilation to be disabled in order to obtain accurate coverage information. To disable Burst Compilation uncheck Jobs > Burst > Enable Compilation or pass '--burst-disable-compilation' to the command line in batchmode.
]]></output>
          </test-case>
          <test-case id="1055" name="IsSame_NullLeftHandSide_ReturnsFalse" fullname="GDX.ByteExtensionsTests.IsSame_NullLeftHandSide_ReturnsFalse" methodname="IsSame_NullLeftHandSide_ReturnsFalse" classname="GDX.ByteExtensionsTests" runstate="Runnable" seed="1299562426" result="Passed" start-time="2024-01-01 23:50:22Z" end-time="2024-01-01 23:50:22Z" duration="0.000291" asserts="0">
            <properties>
              <property name="Category" value="GDX.Tests" />
            </properties>
            <output><![CDATA[[Code Coverage] Code Coverage results for visited sequence points were saved in D:/BuildAgent/work/GDX-Documentation/Staging/CodeCoverage/GDX_Development-opencov/EditMode/TestCoverageResults_0038.xml
[Code Coverage] Code Coverage requires Burst Compilation to be disabled in order to obtain accurate coverage information. To disable Burst Compilation uncheck Jobs > Burst > Enable Compilation or pass '--burst-disable-compilation' to the command line in batchmode.
]]></output>
          </test-case>
          <test-case id="1056" name="IsSame_NullRightHandSide_ReturnsFalse" fullname="GDX.ByteExtensionsTests.IsSame_NullRightHandSide_ReturnsFalse" methodname="IsSame_NullRightHandSide_ReturnsFalse" classname="GDX.ByteExtensionsTests" runstate="Runnable" seed="135343362" result="Passed" start-time="2024-01-01 23:50:22Z" end-time="2024-01-01 23:50:22Z" duration="0.000282" asserts="0">
            <properties>
              <property name="Category" value="GDX.Tests" />
            </properties>
            <output><![CDATA[[Code Coverage] Code Coverage results for visited sequence points were saved in D:/BuildAgent/work/GDX-Documentation/Staging/CodeCoverage/GDX_Development-opencov/EditMode/TestCoverageResults_0039.xml
[Code Coverage] Code Coverage requires Burst Compilation to be disabled in order to obtain accurate coverage information. To disable Burst Compilation uncheck Jobs > Burst > Enable Compilation or pass '--burst-disable-compilation' to the command line in batchmode.
]]></output>
          </test-case>
          <test-case id="1053" name="IsSame_SameData_ReturnsTrue" fullname="GDX.ByteExtensionsTests.IsSame_SameData_ReturnsTrue" methodname="IsSame_SameData_ReturnsTrue" classname="GDX.ByteExtensionsTests" runstate="Runnable" seed="1450726568" result="Passed" start-time="2024-01-01 23:50:23Z" end-time="2024-01-01 23:50:23Z" duration="0.000292" asserts="0">
            <properties>
              <property name="Category" value="GDX.Tests" />
            </properties>
            <output><![CDATA[[Code Coverage] Code Coverage results for visited sequence points were saved in D:/BuildAgent/work/GDX-Documentation/Staging/CodeCoverage/GDX_Development-opencov/EditMode/TestCoverageResults_0040.xml
[Code Coverage] Code Coverage requires Burst Compilation to be disabled in order to obtain accurate coverage information. To disable Burst Compilation uncheck Jobs > Burst > Enable Compilation or pass '--burst-disable-compilation' to the command line in batchmode.
]]></output>
          </test-case>
        </test-suite>
        <test-suite type="TestSuite" id="1776" name="Collections" fullname="GDX.Collections" runstate="Runnable" testcasecount="346" result="Passed" start-time="2024-01-01 23:50:24Z" end-time="2024-01-01 23:54:55Z" duration="270.467480" total="346" passed="346" failed="0" inconclusive="0" skipped="0" asserts="0">
          <properties />
          <test-suite type="TestSuite" id="1778" name="Generic" fullname="GDX.Collections.Generic" runstate="Runnable" testcasecount="332" result="Passed" start-time="2024-01-01 23:50:24Z" end-time="2024-01-01 23:54:44Z" duration="259.609520" total="332" passed="332" failed="0" inconclusive="0" skipped="0" asserts="0">
            <properties />
            <test-suite type="TestFixture" id="1422" name="Array2DTests" fullname="GDX.Collections.Generic.Array2DTests" classname="GDX.Collections.Generic.Array2DTests" runstate="Runnable" testcasecount="11" result="Passed" start-time="2024-01-01 23:50:24Z" end-time="2024-01-01 23:50:33Z" duration="8.384249" total="11" passed="11" failed="0" inconclusive="0" skipped="0" asserts="0">
              <properties />
              <test-case id="1423" name="AddColumns_MockData_ArrayResized" fullname="GDX.Collections.Generic.Array2DTests.AddColumns_MockData_ArrayResized" methodname="AddColumns_MockData_ArrayResized" classname="GDX.Collections.Generic.Array2DTests" runstate="Runnable" seed="1415806246" result="Passed" start-time="2024-01-01 23:50:24Z" end-time="2024-01-01 23:50:24Z" duration="0.004198" asserts="0">
                <properties>
                  <property name="Category" value="GDX.Tests" />
                </properties>
                <output><![CDATA[[Code Coverage] Code Coverage results for visited sequence points were saved in D:/BuildAgent/work/GDX-Documentation/Staging/CodeCoverage/GDX_Development-opencov/EditMode/TestCoverageResults_0041.xml
[Code Coverage] Code Coverage requires Burst Compilation to be disabled in order to obtain accurate coverage information. To disable Burst Compilation uncheck Jobs > Burst > Enable Compilation or pass '--burst-disable-compilation' to the command line in batchmode.
]]></output>
              </test-case>
              <test-case id="1424" name="AddRows_MockData_ArrayResized" fullname="GDX.Collections.Generic.Array2DTests.AddRows_MockData_ArrayResized" methodname="AddRows_MockData_ArrayResized" classname="GDX.Collections.Generic.Array2DTests" runstate="Runnable" seed="413350598" result="Passed" start-time="2024-01-01 23:50:25Z" end-time="2024-01-01 23:50:25Z" duration="0.000458" asserts="0">
                <properties>
                  <property name="Category" value="GDX.Tests" />
                </properties>
                <output><![CDATA[[Code Coverage] Code Coverage results for visited sequence points were saved in D:/BuildAgent/work/GDX-Documentation/Staging/CodeCoverage/GDX_Development-opencov/EditMode/TestCoverageResults_0042.xml
[Code Coverage] Code Coverage requires Burst Compilation to be disabled in order to obtain accurate coverage information. To disable Burst Compilation uncheck Jobs > Burst > Enable Compilation or pass '--burst-disable-compilation' to the command line in batchmode.
]]></output>
              </test-case>
              <test-case id="1425" name="GetColumnIndex_MockData_ReturnsIndex" fullname="GDX.Collections.Generic.Array2DTests.GetColumnIndex_MockData_ReturnsIndex" methodname="GetColumnIndex_MockData_ReturnsIndex" classname="GDX.Collections.Generic.Array2DTests" runstate="Runnable" seed="298365435" result="Passed" start-time="2024-01-01 23:50:26Z" end-time="2024-01-01 23:50:26Z" duration="0.000447" asserts="0">
                <properties>
                  <property name="Category" value="GDX.Tests" />
                </properties>
                <output><![CDATA[[Code Coverage] Code Coverage results for visited sequence points were saved in D:/BuildAgent/work/GDX-Documentation/Staging/CodeCoverage/GDX_Development-opencov/EditMode/TestCoverageResults_0043.xml
[Code Coverage] Code Coverage requires Burst Compilation to be disabled in order to obtain accurate coverage information. To disable Burst Compilation uncheck Jobs > Burst > Enable Compilation or pass '--burst-disable-compilation' to the command line in batchmode.
]]></output>
              </test-case>
              <test-case id="1426" name="GetRowIndex_MockData_ReturnsIndex" fullname="GDX.Collections.Generic.Array2DTests.GetRowIndex_MockData_ReturnsIndex" methodname="GetRowIndex_MockData_ReturnsIndex" classname="GDX.Collections.Generic.Array2DTests" runstate="Runnable" seed="936303259" result="Passed" start-time="2024-01-01 23:50:27Z" end-time="2024-01-01 23:50:27Z" duration="0.000405" asserts="0">
                <properties>
                  <property name="Category" value="GDX.Tests" />
                </properties>
                <output><![CDATA[[Code Coverage] Code Coverage results for visited sequence points were saved in D:/BuildAgent/work/GDX-Documentation/Staging/CodeCoverage/GDX_Development-opencov/EditMode/TestCoverageResults_0044.xml
[Code Coverage] Code Coverage requires Burst Compilation to be disabled in order to obtain accurate coverage information. To disable Burst Compilation uncheck Jobs > Burst > Enable Compilation or pass '--burst-disable-compilation' to the command line in batchmode.
]]></output>
              </test-case>
              <test-case id="1427" name="ReverseColumns_MockDataEven_ValuesReversed" fullname="GDX.Collections.Generic.Array2DTests.ReverseColumns_MockDataEven_ValuesReversed" methodname="ReverseColumns_MockDataEven_ValuesReversed" classname="GDX.Collections.Generic.Array2DTests" runstate="Runnable" seed="1721644218" result="Passed" start-time="2024-01-01 23:50:27Z" end-time="2024-01-01 23:50:27Z" duration="0.000758" asserts="0">
                <properties>
                  <property name="Category" value="GDX.Tests" />
                </properties>
                <output><![CDATA[[Code Coverage] Code Coverage results for visited sequence points were saved in D:/BuildAgent/work/GDX-Documentation/Staging/CodeCoverage/GDX_Development-opencov/EditMode/TestCoverageResults_0045.xml
[Code Coverage] Code Coverage requires Burst Compilation to be disabled in order to obtain accurate coverage information. To disable Burst Compilation uncheck Jobs > Burst > Enable Compilation or pass '--burst-disable-compilation' to the command line in batchmode.
]]></output>
              </test-case>
              <test-case id="1428" name="ReverseColumns_MockDataOdd_ValuesReversed" fullname="GDX.Collections.Generic.Array2DTests.ReverseColumns_MockDataOdd_ValuesReversed" methodname="ReverseColumns_MockDataOdd_ValuesReversed" classname="GDX.Collections.Generic.Array2DTests" runstate="Runnable" seed="924576960" result="Passed" start-time="2024-01-01 23:50:28Z" end-time="2024-01-01 23:50:28Z" duration="0.000416" asserts="0">
                <properties>
                  <property name="Category" value="GDX.Tests" />
                </properties>
                <output><![CDATA[[Code Coverage] Code Coverage results for visited sequence points were saved in D:/BuildAgent/work/GDX-Documentation/Staging/CodeCoverage/GDX_Development-opencov/EditMode/TestCoverageResults_0046.xml
[Code Coverage] Code Coverage requires Burst Compilation to be disabled in order to obtain accurate coverage information. To disable Burst Compilation uncheck Jobs > Burst > Enable Compilation or pass '--burst-disable-compilation' to the command line in batchmode.
]]></output>
              </test-case>
              <test-case id="1429" name="ReverseRows_MockDataEven_ValuesReversed" fullname="GDX.Collections.Generic.Array2DTests.ReverseRows_MockDataEven_ValuesReversed" methodname="ReverseRows_MockDataEven_ValuesReversed" classname="GDX.Collections.Generic.Array2DTests" runstate="Runnable" seed="1014973367" result="Passed" start-time="2024-01-01 23:50:29Z" end-time="2024-01-01 23:50:29Z" duration="0.000507" asserts="0">
                <properties>
                  <property name="Category" value="GDX.Tests" />
                </properties>
                <output><![CDATA[[Code Coverage] Code Coverage results for visited sequence points were saved in D:/BuildAgent/work/GDX-Documentation/Staging/CodeCoverage/GDX_Development-opencov/EditMode/TestCoverageResults_0047.xml
[Code Coverage] Code Coverage requires Burst Compilation to be disabled in order to obtain accurate coverage information. To disable Burst Compilation uncheck Jobs > Burst > Enable Compilation or pass '--burst-disable-compilation' to the command line in batchmode.
]]></output>
              </test-case>
              <test-case id="1430" name="ReverseRows_MockDataOdd_ValuesReversed" fullname="GDX.Collections.Generic.Array2DTests.ReverseRows_MockDataOdd_ValuesReversed" methodname="ReverseRows_MockDataOdd_ValuesReversed" classname="GDX.Collections.Generic.Array2DTests" runstate="Runnable" seed="1794031844" result="Passed" start-time="2024-01-01 23:50:30Z" end-time="2024-01-01 23:50:30Z" duration="0.000361" asserts="0">
                <properties>
                  <property name="Category" value="GDX.Tests" />
                </properties>
                <output><![CDATA[[Code Coverage] Code Coverage results for visited sequence points were saved in D:/BuildAgent/work/GDX-Documentation/Staging/CodeCoverage/GDX_Development-opencov/EditMode/TestCoverageResults_0048.xml
[Code Coverage] Code Coverage requires Burst Compilation to be disabled in order to obtain accurate coverage information. To disable Burst Compilation uncheck Jobs > Burst > Enable Compilation or pass '--burst-disable-compilation' to the command line in batchmode.
]]></output>
              </test-case>
              <test-case id="1431" name="RotateClockwise_MockDataOdd_ValuesRotated" fullname="GDX.Collections.Generic.Array2DTests.RotateClockwise_MockDataOdd_ValuesRotated" methodname="RotateClockwise_MockDataOdd_ValuesRotated" classname="GDX.Collections.Generic.Array2DTests" runstate="Runnable" seed="951562915" result="Passed" start-time="2024-01-01 23:50:30Z" end-time="2024-01-01 23:50:30Z" duration="0.000494" asserts="0">
                <properties>
                  <property name="Category" value="GDX.Tests" />
                </properties>
                <output><![CDATA[[Code Coverage] Code Coverage results for visited sequence points were saved in D:/BuildAgent/work/GDX-Documentation/Staging/CodeCoverage/GDX_Development-opencov/EditMode/TestCoverageResults_0049.xml
[Code Coverage] Code Coverage requires Burst Compilation to be disabled in order to obtain accurate coverage information. To disable Burst Compilation uncheck Jobs > Burst > Enable Compilation or pass '--burst-disable-compilation' to the command line in batchmode.
]]></output>
              </test-case>
              <test-case id="1432" name="RotateCounterClockwise_MockDataOdd_ValuesRotated" fullname="GDX.Collections.Generic.Array2DTests.RotateCounterClockwise_MockDataOdd_ValuesRotated" methodname="RotateCounterClockwise_MockDataOdd_ValuesRotated" classname="GDX.Collections.Generic.Array2DTests" runstate="Runnable" seed="187554542" result="Passed" start-time="2024-01-01 23:50:31Z" end-time="2024-01-01 23:50:31Z" duration="0.000506" asserts="0">
                <properties>
                  <property name="Category" value="GDX.Tests" />
                </properties>
                <output><![CDATA[[Code Coverage] Code Coverage results for visited sequence points were saved in D:/BuildAgent/work/GDX-Documentation/Staging/CodeCoverage/GDX_Development-opencov/EditMode/TestCoverageResults_0050.xml
[Code Coverage] Code Coverage requires Burst Compilation to be disabled in order to obtain accurate coverage information. To disable Burst Compilation uncheck Jobs > Burst > Enable Compilation or pass '--burst-disable-compilation' to the command line in batchmode.
]]></output>
              </test-case>
              <test-case id="1433" name="ToMultiDimensionalArray_MockData_MatchingValues" fullname="GDX.Collections.Generic.Array2DTests.ToMultiDimensionalArray_MockData_MatchingValues" methodname="ToMultiDimensionalArray_MockData_MatchingValues" classname="GDX.Collections.Generic.Array2DTests" runstate="Runnable" seed="1357553427" result="Passed" start-time="2024-01-01 23:50:32Z" end-time="2024-01-01 23:50:32Z" duration="0.000595" asserts="0">
                <properties>
                  <property name="Category" value="GDX.Tests" />
                </properties>
                <output><![CDATA[[Code Coverage] Code Coverage results for visited sequence points were saved in D:/BuildAgent/work/GDX-Documentation/Staging/CodeCoverage/GDX_Development-opencov/EditMode/TestCoverageResults_0051.xml
[Code Coverage] Code Coverage requires Burst Compilation to be disabled in order to obtain accurate coverage information. To disable Burst Compilation uncheck Jobs > Burst > Enable Compilation or pass '--burst-disable-compilation' to the command line in batchmode.
]]></output>
              </test-case>
            </test-suite>
            <test-suite type="TestFixture" id="1434" name="Array3DTests" fullname="GDX.Collections.Generic.Array3DTests" classname="GDX.Collections.Generic.Array3DTests" runstate="Runnable" testcasecount="10" result="Passed" start-time="2024-01-01 23:50:33Z" end-time="2024-01-01 23:50:40Z" duration="7.820567" total="10" passed="10" failed="0" inconclusive="0" skipped="0" asserts="0">
              <properties />
              <test-case id="1435" name="Constructor_CorrectSizes" fullname="GDX.Collections.Generic.Array3DTests.Constructor_CorrectSizes" methodname="Constructor_CorrectSizes" classname="GDX.Collections.Generic.Array3DTests" runstate="Runnable" seed="1382617860" result="Passed" start-time="2024-01-01 23:50:33Z" end-time="2024-01-01 23:50:33Z" duration="0.000807" asserts="0">
                <properties>
                  <property name="Category" value="GDX.Tests" />
                </properties>
                <output><![CDATA[[Code Coverage] Code Coverage results for visited sequence points were saved in D:/BuildAgent/work/GDX-Documentation/Staging/CodeCoverage/GDX_Development-opencov/EditMode/TestCoverageResults_0052.xml
[Code Coverage] Code Coverage requires Burst Compilation to be disabled in order to obtain accurate coverage information. To disable Burst Compilation uncheck Jobs > Burst > Enable Compilation or pass '--burst-disable-compilation' to the command line in batchmode.
]]></output>
              </test-case>
              <test-case id="1436" name="GetByIndex_LastSpot_ValidEntry" fullname="GDX.Collections.Generic.Array3DTests.GetByIndex_LastSpot_ValidEntry" methodname="GetByIndex_LastSpot_ValidEntry" classname="GDX.Collections.Generic.Array3DTests" runstate="Runnable" seed="1783531276" result="Passed" start-time="2024-01-01 23:50:34Z" end-time="2024-01-01 23:50:34Z" duration="0.000411" asserts="0">
                <properties>
                  <property name="Category" value="GDX.Tests" />
                </properties>
                <output><![CDATA[[Code Coverage] Code Coverage results for visited sequence points were saved in D:/BuildAgent/work/GDX-Documentation/Staging/CodeCoverage/GDX_Development-opencov/EditMode/TestCoverageResults_0053.xml
[Code Coverage] Code Coverage requires Burst Compilation to be disabled in order to obtain accurate coverage information. To disable Burst Compilation uncheck Jobs > Burst > Enable Compilation or pass '--burst-disable-compilation' to the command line in batchmode.
]]></output>
              </test-case>
              <test-case id="1438" name="GetByInt3_LastSpot_ValidEntry" fullname="GDX.Collections.Generic.Array3DTests.GetByInt3_LastSpot_ValidEntry" methodname="GetByInt3_LastSpot_ValidEntry" classname="GDX.Collections.Generic.Array3DTests" runstate="Runnable" seed="1498750054" result="Passed" start-time="2024-01-01 23:50:34Z" end-time="2024-01-01 23:50:34Z" duration="0.000641" asserts="0">
                <properties>
                  <property name="Category" value="GDX.Tests" />
                </properties>
                <output><![CDATA[[Code Coverage] Code Coverage results for visited sequence points were saved in D:/BuildAgent/work/GDX-Documentation/Staging/CodeCoverage/GDX_Development-opencov/EditMode/TestCoverageResults_0054.xml
[Code Coverage] Code Coverage requires Burst Compilation to be disabled in order to obtain accurate coverage information. To disable Burst Compilation uncheck Jobs > Burst > Enable Compilation or pass '--burst-disable-compilation' to the command line in batchmode.
]]></output>
              </test-case>
              <test-case id="1441" name="GetFromIndex_FirstSpot_Valid" fullname="GDX.Collections.Generic.Array3DTests.GetFromIndex_FirstSpot_Valid" methodname="GetFromIndex_FirstSpot_Valid" classname="GDX.Collections.Generic.Array3DTests" runstate="Runnable" seed="913351115" result="Passed" start-time="2024-01-01 23:50:35Z" end-time="2024-01-01 23:50:35Z" duration="0.000555" asserts="0">
                <properties>
                  <property name="Category" value="GDX.Tests" />
                </properties>
                <output><![CDATA[[Code Coverage] Code Coverage results for visited sequence points were saved in D:/BuildAgent/work/GDX-Documentation/Staging/CodeCoverage/GDX_Development-opencov/EditMode/TestCoverageResults_0055.xml
[Code Coverage] Code Coverage requires Burst Compilation to be disabled in order to obtain accurate coverage information. To disable Burst Compilation uncheck Jobs > Burst > Enable Compilation or pass '--burst-disable-compilation' to the command line in batchmode.
]]></output>
              </test-case>
              <test-case id="1443" name="GetFromIndex_LastBottomRow_Valid" fullname="GDX.Collections.Generic.Array3DTests.GetFromIndex_LastBottomRow_Valid" methodname="GetFromIndex_LastBottomRow_Valid" classname="GDX.Collections.Generic.Array3DTests" runstate="Runnable" seed="1600113382" result="Passed" start-time="2024-01-01 23:50:36Z" end-time="2024-01-01 23:50:36Z" duration="0.000389" asserts="0">
                <properties>
                  <property name="Category" value="GDX.Tests" />
                </properties>
                <output><![CDATA[[Code Coverage] Code Coverage results for visited sequence points were saved in D:/BuildAgent/work/GDX-Documentation/Staging/CodeCoverage/GDX_Development-opencov/EditMode/TestCoverageResults_0056.xml
[Code Coverage] Code Coverage requires Burst Compilation to be disabled in order to obtain accurate coverage information. To disable Burst Compilation uncheck Jobs > Burst > Enable Compilation or pass '--burst-disable-compilation' to the command line in batchmode.
]]></output>
              </test-case>
              <test-case id="1442" name="GetFromIndex_LastFirstRow_Valid" fullname="GDX.Collections.Generic.Array3DTests.GetFromIndex_LastFirstRow_Valid" methodname="GetFromIndex_LastFirstRow_Valid" classname="GDX.Collections.Generic.Array3DTests" runstate="Runnable" seed="157433160" result="Passed" start-time="2024-01-01 23:50:37Z" end-time="2024-01-01 23:50:37Z" duration="0.000394" asserts="0">
                <properties>
                  <property name="Category" value="GDX.Tests" />
                </properties>
                <output><![CDATA[[Code Coverage] Code Coverage results for visited sequence points were saved in D:/BuildAgent/work/GDX-Documentation/Staging/CodeCoverage/GDX_Development-opencov/EditMode/TestCoverageResults_0057.xml
[Code Coverage] Code Coverage requires Burst Compilation to be disabled in order to obtain accurate coverage information. To disable Burst Compilation uncheck Jobs > Burst > Enable Compilation or pass '--burst-disable-compilation' to the command line in batchmode.
]]></output>
              </test-case>
              <test-case id="1440" name="GetFromIndex_LastSpot_Valid" fullname="GDX.Collections.Generic.Array3DTests.GetFromIndex_LastSpot_Valid" methodname="GetFromIndex_LastSpot_Valid" classname="GDX.Collections.Generic.Array3DTests" runstate="Runnable" seed="481010255" result="Passed" start-time="2024-01-01 23:50:37Z" end-time="2024-01-01 23:50:37Z" duration="0.000382" asserts="0">
                <properties>
                  <property name="Category" value="GDX.Tests" />
                </properties>
                <output><![CDATA[[Code Coverage] Code Coverage results for visited sequence points were saved in D:/BuildAgent/work/GDX-Documentation/Staging/CodeCoverage/GDX_Development-opencov/EditMode/TestCoverageResults_0058.xml
[Code Coverage] Code Coverage requires Burst Compilation to be disabled in order to obtain accurate coverage information. To disable Burst Compilation uncheck Jobs > Burst > Enable Compilation or pass '--burst-disable-compilation' to the command line in batchmode.
]]></output>
              </test-case>
              <test-case id="1444" name="GetFromIndex_SecondTopRowAtBack_Valid" fullname="GDX.Collections.Generic.Array3DTests.GetFromIndex_SecondTopRowAtBack_Valid" methodname="GetFromIndex_SecondTopRowAtBack_Valid" classname="GDX.Collections.Generic.Array3DTests" runstate="Runnable" seed="1954941463" result="Passed" start-time="2024-01-01 23:50:38Z" end-time="2024-01-01 23:50:38Z" duration="0.000379" asserts="0">
                <properties>
                  <property name="Category" value="GDX.Tests" />
                </properties>
                <output><![CDATA[[Code Coverage] Code Coverage results for visited sequence points were saved in D:/BuildAgent/work/GDX-Documentation/Staging/CodeCoverage/GDX_Development-opencov/EditMode/TestCoverageResults_0059.xml
[Code Coverage] Code Coverage requires Burst Compilation to be disabled in order to obtain accurate coverage information. To disable Burst Compilation uncheck Jobs > Burst > Enable Compilation or pass '--burst-disable-compilation' to the command line in batchmode.
]]></output>
              </test-case>
              <test-case id="1437" name="SetByIndex_LastSpot_ValidEntry" fullname="GDX.Collections.Generic.Array3DTests.SetByIndex_LastSpot_ValidEntry" methodname="SetByIndex_LastSpot_ValidEntry" classname="GDX.Collections.Generic.Array3DTests" runstate="Runnable" seed="1546225918" result="Passed" start-time="2024-01-01 23:50:39Z" end-time="2024-01-01 23:50:39Z" duration="0.000419" asserts="0">
                <properties>
                  <property name="Category" value="GDX.Tests" />
                </properties>
                <output><![CDATA[[Code Coverage] Code Coverage results for visited sequence points were saved in D:/BuildAgent/work/GDX-Documentation/Staging/CodeCoverage/GDX_Development-opencov/EditMode/TestCoverageResults_0060.xml
[Code Coverage] Code Coverage requires Burst Compilation to be disabled in order to obtain accurate coverage information. To disable Burst Compilation uncheck Jobs > Burst > Enable Compilation or pass '--burst-disable-compilation' to the command line in batchmode.
]]></output>
              </test-case>
              <test-case id="1439" name="SetByInt3_LastSpot_ValidEntry" fullname="GDX.Collections.Generic.Array3DTests.SetByInt3_LastSpot_ValidEntry" methodname="SetByInt3_LastSpot_ValidEntry" classname="GDX.Collections.Generic.Array3DTests" runstate="Runnable" seed="418040891" result="Passed" start-time="2024-01-01 23:50:40Z" end-time="2024-01-01 23:50:40Z" duration="0.000479" asserts="0">
                <properties>
                  <property name="Category" value="GDX.Tests" />
                </properties>
                <output><![CDATA[[Code Coverage] Code Coverage results for visited sequence points were saved in D:/BuildAgent/work/GDX-Documentation/Staging/CodeCoverage/GDX_Development-opencov/EditMode/TestCoverageResults_0061.xml
[Code Coverage] Code Coverage requires Burst Compilation to be disabled in order to obtain accurate coverage information. To disable Burst Compilation uncheck Jobs > Burst > Enable Compilation or pass '--burst-disable-compilation' to the command line in batchmode.
]]></output>
              </test-case>
            </test-suite>
            <test-suite type="TestFixture" id="1755" name="ArrayPoolTests" fullname="GDX.Collections.Generic.ArrayPoolTests" classname="GDX.Collections.Generic.ArrayPoolTests" runstate="Runnable" testcasecount="6" result="Passed" start-time="2024-01-01 23:50:40Z" end-time="2024-01-01 23:50:45Z" duration="4.845738" total="6" passed="6" failed="0" inconclusive="0" skipped="0" asserts="0">
              <properties />
              <test-case id="1756" name="Constructor_InitializeWithMinimumAndMaximum" fullname="GDX.Collections.Generic.ArrayPoolTests.Constructor_InitializeWithMinimumAndMaximum" methodname="Constructor_InitializeWithMinimumAndMaximum" classname="GDX.Collections.Generic.ArrayPoolTests" runstate="Runnable" seed="1038877365" result="Passed" start-time="2024-01-01 23:50:40Z" end-time="2024-01-01 23:50:40Z" duration="0.000592" asserts="0">
                <properties>
                  <property name="Category" value="GDX.Tests" />
                </properties>
                <output><![CDATA[[Code Coverage] Code Coverage results for visited sequence points were saved in D:/BuildAgent/work/GDX-Documentation/Staging/CodeCoverage/GDX_Development-opencov/EditMode/TestCoverageResults_0062.xml
[Code Coverage] Code Coverage requires Burst Compilation to be disabled in order to obtain accurate coverage information. To disable Burst Compilation uncheck Jobs > Burst > Enable Compilation or pass '--burst-disable-compilation' to the command line in batchmode.
]]></output>
              </test-case>
              <test-case id="1759" name="GetArrayFromPool_NonPowerOfTwoRequested_ArrayExistsInPool" fullname="GDX.Collections.Generic.ArrayPoolTests.GetArrayFromPool_NonPowerOfTwoRequested_ArrayExistsInPool" methodname="GetArrayFromPool_NonPowerOfTwoRequested_ArrayExistsInPool" classname="GDX.Collections.Generic.ArrayPoolTests" runstate="Runnable" seed="1759956055" result="Passed" start-time="2024-01-01 23:50:41Z" end-time="2024-01-01 23:50:41Z" duration="0.000641" asserts="0">
                <properties>
                  <property name="Category" value="GDX.Tests" />
                </properties>
                <output><![CDATA[[Code Coverage] Code Coverage results for visited sequence points were saved in D:/BuildAgent/work/GDX-Documentation/Staging/CodeCoverage/GDX_Development-opencov/EditMode/TestCoverageResults_0063.xml
[Code Coverage] Code Coverage requires Burst Compilation to be disabled in order to obtain accurate coverage information. To disable Burst Compilation uncheck Jobs > Burst > Enable Compilation or pass '--burst-disable-compilation' to the command line in batchmode.
]]></output>
              </test-case>
              <test-case id="1757" name="GetArrayFromPool_PowerOfTwoRequested_ArrayExistsInPool" fullname="GDX.Collections.Generic.ArrayPoolTests.GetArrayFromPool_PowerOfTwoRequested_ArrayExistsInPool" methodname="GetArrayFromPool_PowerOfTwoRequested_ArrayExistsInPool" classname="GDX.Collections.Generic.ArrayPoolTests" runstate="Runnable" seed="1613952369" result="Passed" start-time="2024-01-01 23:50:42Z" end-time="2024-01-01 23:50:42Z" duration="0.000441" asserts="0">
                <properties>
                  <property name="Category" value="GDX.Tests" />
                </properties>
                <output><![CDATA[[Code Coverage] Code Coverage results for visited sequence points were saved in D:/BuildAgent/work/GDX-Documentation/Staging/CodeCoverage/GDX_Development-opencov/EditMode/TestCoverageResults_0064.xml
[Code Coverage] Code Coverage requires Burst Compilation to be disabled in order to obtain accurate coverage information. To disable Burst Compilation uncheck Jobs > Burst > Enable Compilation or pass '--burst-disable-compilation' to the command line in batchmode.
]]></output>
              </test-case>
              <test-case id="1758" name="GetArrayFromPool_PowerOfTwoRequested_PoolIsEmpty" fullname="GDX.Collections.Generic.ArrayPoolTests.GetArrayFromPool_PowerOfTwoRequested_PoolIsEmpty" methodname="GetArrayFromPool_PowerOfTwoRequested_PoolIsEmpty" classname="GDX.Collections.Generic.ArrayPoolTests" runstate="Runnable" seed="391055678" result="Passed" start-time="2024-01-01 23:50:43Z" end-time="2024-01-01 23:50:43Z" duration="0.000419" asserts="0">
                <properties>
                  <property name="Category" value="GDX.Tests" />
                </properties>
                <output><![CDATA[[Code Coverage] Code Coverage results for visited sequence points were saved in D:/BuildAgent/work/GDX-Documentation/Staging/CodeCoverage/GDX_Development-opencov/EditMode/TestCoverageResults_0065.xml
[Code Coverage] Code Coverage requires Burst Compilation to be disabled in order to obtain accurate coverage information. To disable Burst Compilation uncheck Jobs > Burst > Enable Compilation or pass '--burst-disable-compilation' to the command line in batchmode.
]]></output>
              </test-case>
              <test-case id="1760" name="ReturnArrayToPool_MaximumNotReached" fullname="GDX.Collections.Generic.ArrayPoolTests.ReturnArrayToPool_MaximumNotReached" methodname="ReturnArrayToPool_MaximumNotReached" classname="GDX.Collections.Generic.ArrayPoolTests" runstate="Runnable" seed="842057135" result="Passed" start-time="2024-01-01 23:50:44Z" end-time="2024-01-01 23:50:44Z" duration="0.000586" asserts="0">
                <properties>
                  <property name="Category" value="GDX.Tests" />
                </properties>
                <output><![CDATA[[Code Coverage] Code Coverage results for visited sequence points were saved in D:/BuildAgent/work/GDX-Documentation/Staging/CodeCoverage/GDX_Development-opencov/EditMode/TestCoverageResults_0066.xml
[Code Coverage] Code Coverage requires Burst Compilation to be disabled in order to obtain accurate coverage information. To disable Burst Compilation uncheck Jobs > Burst > Enable Compilation or pass '--burst-disable-compilation' to the command line in batchmode.
]]></output>
              </test-case>
[...]
            <properties>
              <property name="Category" value="GDX.Tests" />
            </properties>
            <output><![CDATA[[Code Coverage] Code Coverage results for visited sequence points were saved in D:/BuildAgent/work/GDX-Documentation/Staging/CodeCoverage/GDX_Development-opencov/EditMode/TestCoverageResults_0670.xml
[Code Coverage] Code Coverage requires Burst Compilation to be disabled in order to obtain accurate coverage information. To disable Burst Compilation uncheck Jobs > Burst > Enable Compilation or pass '--burst-disable-compilation' to the command line in batchmode.
]]></output>
          </test-case>
          <test-case id="1175" name="TryParseVector2_SpacedValues_ReturnsVector2" fullname="GDX.Vector2ExtensionsTests.TryParseVector2_SpacedValues_ReturnsVector2" methodname="TryParseVector2_SpacedValues_ReturnsVector2" classname="GDX.Vector2ExtensionsTests" runstate="Runnable" seed="2029525379" result="Passed" start-time="2024-01-01 23:59:46Z" end-time="2024-01-01 23:59:46Z" duration="0.000338" asserts="0">
            <properties>
              <property name="Category" value="GDX.Tests" />
            </properties>
            <output><![CDATA[[Code Coverage] Code Coverage results for visited sequence points were saved in D:/BuildAgent/work/GDX-Documentation/Staging/CodeCoverage/GDX_Development-opencov/EditMode/TestCoverageResults_0671.xml
[Code Coverage] Code Coverage requires Burst Compilation to be disabled in order to obtain accurate coverage information. To disable Burst Compilation uncheck Jobs > Burst > Enable Compilation or pass '--burst-disable-compilation' to the command line in batchmode.
]]></output>
          </test-case>
        </test-suite>
        <test-suite type="TestFixture" id="1178" name="Vector3ExtensionsTests" fullname="GDX.Vector3ExtensionsTests" classname="GDX.Vector3ExtensionsTests" runstate="Runnable" testcasecount="17" result="Passed" start-time="2024-01-01 23:59:47Z" end-time="2024-01-02 00:00:00Z" duration="13.041764" total="17" passed="17" failed="0" inconclusive="0" skipped="0" asserts="0">
          <properties />
          <test-case id="1179" name="Approximately_FiveMillionths_ReturnsFalse" fullname="GDX.Vector3ExtensionsTests.Approximately_FiveMillionths_ReturnsFalse" methodname="Approximately_FiveMillionths_ReturnsFalse" classname="GDX.Vector3ExtensionsTests" runstate="Runnable" seed="1227528587" result="Passed" start-time="2024-01-01 23:59:47Z" end-time="2024-01-01 23:59:47Z" duration="0.000313" asserts="0">
            <properties>
              <property name="Category" value="GDX.Tests" />
            </properties>
            <output><![CDATA[[Code Coverage] Code Coverage results for visited sequence points were saved in D:/BuildAgent/work/GDX-Documentation/Staging/CodeCoverage/GDX_Development-opencov/EditMode/TestCoverageResults_0672.xml
[Code Coverage] Code Coverage requires Burst Compilation to be disabled in order to obtain accurate coverage information. To disable Burst Compilation uncheck Jobs > Burst > Enable Compilation or pass '--burst-disable-compilation' to the command line in batchmode.
]]></output>
          </test-case>
          <test-case id="1180" name="Approximately_One_ReturnsTrue" fullname="GDX.Vector3ExtensionsTests.Approximately_One_ReturnsTrue" methodname="Approximately_One_ReturnsTrue" classname="GDX.Vector3ExtensionsTests" runstate="Runnable" seed="1212994482" result="Passed" start-time="2024-01-01 23:59:47Z" end-time="2024-01-01 23:59:47Z" duration="0.000312" asserts="0">
            <properties>
              <property name="Category" value="GDX.Tests" />
            </properties>
            <output><![CDATA[[Code Coverage] Code Coverage results for visited sequence points were saved in D:/BuildAgent/work/GDX-Documentation/Staging/CodeCoverage/GDX_Development-opencov/EditMode/TestCoverageResults_0673.xml
[Code Coverage] Code Coverage requires Burst Compilation to be disabled in order to obtain accurate coverage information. To disable Burst Compilation uncheck Jobs > Burst > Enable Compilation or pass '--burst-disable-compilation' to the command line in batchmode.
]]></output>
          </test-case>
          <test-case id="1181" name="Approximately_OneMillionth_ReturnsTrue" fullname="GDX.Vector3ExtensionsTests.Approximately_OneMillionth_ReturnsTrue" methodname="Approximately_OneMillionth_ReturnsTrue" classname="GDX.Vector3ExtensionsTests" runstate="Runnable" seed="1279985151" result="Passed" start-time="2024-01-01 23:59:48Z" end-time="2024-01-01 23:59:48Z" duration="0.000412" asserts="0">
            <properties>
              <property name="Category" value="GDX.Tests" />
            </properties>
            <output><![CDATA[[Code Coverage] Code Coverage results for visited sequence points were saved in D:/BuildAgent/work/GDX-Documentation/Staging/CodeCoverage/GDX_Development-opencov/EditMode/TestCoverageResults_0674.xml
[Code Coverage] Code Coverage requires Burst Compilation to be disabled in order to obtain accurate coverage information. To disable Burst Compilation uncheck Jobs > Burst > Enable Compilation or pass '--burst-disable-compilation' to the command line in batchmode.
]]></output>
          </test-case>
          <test-case id="1182" name="Approximately_Zero_ReturnsTrue" fullname="GDX.Vector3ExtensionsTests.Approximately_Zero_ReturnsTrue" methodname="Approximately_Zero_ReturnsTrue" classname="GDX.Vector3ExtensionsTests" runstate="Runnable" seed="1503944397" result="Passed" start-time="2024-01-01 23:59:49Z" end-time="2024-01-01 23:59:49Z" duration="0.000314" asserts="0">
            <properties>
              <property name="Category" value="GDX.Tests" />
            </properties>
            <output><![CDATA[[Code Coverage] Code Coverage results for visited sequence points were saved in D:/BuildAgent/work/GDX-Documentation/Staging/CodeCoverage/GDX_Development-opencov/EditMode/TestCoverageResults_0675.xml
[Code Coverage] Code Coverage requires Burst Compilation to be disabled in order to obtain accurate coverage information. To disable Burst Compilation uncheck Jobs > Burst > Enable Compilation or pass '--burst-disable-compilation' to the command line in batchmode.
]]></output>
          </test-case>
          <test-case id="1183" name="DistanceSqr_MockData_ReturnsSame" fullname="GDX.Vector3ExtensionsTests.DistanceSqr_MockData_ReturnsSame" methodname="DistanceSqr_MockData_ReturnsSame" classname="GDX.Vector3ExtensionsTests" runstate="Runnable" seed="1584171124" result="Passed" start-time="2024-01-01 23:59:50Z" end-time="2024-01-01 23:59:50Z" duration="0.000530" asserts="0">
            <properties>
              <property name="Category" value="GDX.Tests" />
            </properties>
            <output><![CDATA[[Code Coverage] Code Coverage results for visited sequence points were saved in D:/BuildAgent/work/GDX-Documentation/Staging/CodeCoverage/GDX_Development-opencov/EditMode/TestCoverageResults_0676.xml
[Code Coverage] Code Coverage requires Burst Compilation to be disabled in order to obtain accurate coverage information. To disable Burst Compilation uncheck Jobs > Burst > Enable Compilation or pass '--burst-disable-compilation' to the command line in batchmode.
]]></output>
          </test-case>
          <test-case id="1184" name="DistanceToRay_MockData_ReturnsAccurate" fullname="GDX.Vector3ExtensionsTests.DistanceToRay_MockData_ReturnsAccurate" methodname="DistanceToRay_MockData_ReturnsAccurate" classname="GDX.Vector3ExtensionsTests" runstate="Runnable" seed="408162172" result="Passed" start-time="2024-01-01 23:59:50Z" end-time="2024-01-01 23:59:50Z" duration="0.001038" asserts="0">
            <properties>
              <property name="Category" value="GDX.Tests" />
            </properties>
            <output><![CDATA[[Code Coverage] Code Coverage results for visited sequence points were saved in D:/BuildAgent/work/GDX-Documentation/Staging/CodeCoverage/GDX_Development-opencov/EditMode/TestCoverageResults_0677.xml
[Code Coverage] Code Coverage requires Burst Compilation to be disabled in order to obtain accurate coverage information. To disable Burst Compilation uncheck Jobs > Burst > Enable Compilation or pass '--burst-disable-compilation' to the command line in batchmode.
]]></output>
          </test-case>
          <test-case id="1185" name="HorizontalDistance_MockData_ReturnsAccurate" fullname="GDX.Vector3ExtensionsTests.HorizontalDistance_MockData_ReturnsAccurate" methodname="HorizontalDistance_MockData_ReturnsAccurate" classname="GDX.Vector3ExtensionsTests" runstate="Runnable" seed="693618781" result="Passed" start-time="2024-01-01 23:59:51Z" end-time="2024-01-01 23:59:51Z" duration="0.000465" asserts="0">
            <properties>
              <property name="Category" value="GDX.Tests" />
            </properties>
            <output><![CDATA[[Code Coverage] Code Coverage results for visited sequence points were saved in D:/BuildAgent/work/GDX-Documentation/Staging/CodeCoverage/GDX_Development-opencov/EditMode/TestCoverageResults_0678.xml
[Code Coverage] Code Coverage requires Burst Compilation to be disabled in order to obtain accurate coverage information. To disable Burst Compilation uncheck Jobs > Burst > Enable Compilation or pass '--burst-disable-compilation' to the command line in batchmode.
]]></output>
          </test-case>
          <test-case id="1186" name="Midpoint_ZeroAndOne_ReturnsHalf" fullname="GDX.Vector3ExtensionsTests.Midpoint_ZeroAndOne_ReturnsHalf" methodname="Midpoint_ZeroAndOne_ReturnsHalf" classname="GDX.Vector3ExtensionsTests" runstate="Runnable" seed="16264057" result="Passed" start-time="2024-01-01 23:59:52Z" end-time="2024-01-01 23:59:52Z" duration="0.000419" asserts="0">
            <properties>
              <property name="Category" value="GDX.Tests" />
            </properties>
            <output><![CDATA[[Code Coverage] Code Coverage results for visited sequence points were saved in D:/BuildAgent/work/GDX-Documentation/Staging/CodeCoverage/GDX_Development-opencov/EditMode/TestCoverageResults_0679.xml
[Code Coverage] Code Coverage requires Burst Compilation to be disabled in order to obtain accurate coverage information. To disable Burst Compilation uncheck Jobs > Burst > Enable Compilation or pass '--burst-disable-compilation' to the command line in batchmode.
]]></output>
          </test-case>
          <test-case id="1187" name="NearestIndex_MockData_ReturnsClosest" fullname="GDX.Vector3ExtensionsTests.NearestIndex_MockData_ReturnsClosest" methodname="NearestIndex_MockData_ReturnsClosest" classname="GDX.Vector3ExtensionsTests" runstate="Runnable" seed="1799921243" result="Passed" start-time="2024-01-01 23:59:53Z" end-time="2024-01-01 23:59:53Z" duration="0.000617" asserts="0">
            <properties>
              <property name="Category" value="GDX.Tests" />
            </properties>
            <output><![CDATA[[Code Coverage] Code Coverage results for visited sequence points were saved in D:/BuildAgent/work/GDX-Documentation/Staging/CodeCoverage/GDX_Development-opencov/EditMode/TestCoverageResults_0680.xml
[Code Coverage] Code Coverage requires Burst Compilation to be disabled in order to obtain accurate coverage information. To disable Burst Compilation uncheck Jobs > Burst > Enable Compilation or pass '--burst-disable-compilation' to the command line in batchmode.
]]></output>
          </test-case>
          <test-case id="1188" name="NearestIndex_NullInput_ReturnsNegativeOne" fullname="GDX.Vector3ExtensionsTests.NearestIndex_NullInput_ReturnsNegativeOne" methodname="NearestIndex_NullInput_ReturnsNegativeOne" classname="GDX.Vector3ExtensionsTests" runstate="Runnable" seed="1514982726" result="Passed" start-time="2024-01-01 23:59:54Z" end-time="2024-01-01 23:59:54Z" duration="0.000387" asserts="0">
            <properties>
              <property name="Category" value="GDX.Tests" />
            </properties>
            <output><![CDATA[[Code Coverage] Code Coverage results for visited sequence points were saved in D:/BuildAgent/work/GDX-Documentation/Staging/CodeCoverage/GDX_Development-opencov/EditMode/TestCoverageResults_0681.xml
[Code Coverage] Code Coverage requires Burst Compilation to be disabled in order to obtain accurate coverage information. To disable Burst Compilation uncheck Jobs > Burst > Enable Compilation or pass '--burst-disable-compilation' to the command line in batchmode.
]]></output>
          </test-case>
          <test-case id="1191" name="TryParseVector3_CharFirstSplit_ReturnsFalse" fullname="GDX.Vector3ExtensionsTests.TryParseVector3_CharFirstSplit_ReturnsFalse" methodname="TryParseVector3_CharFirstSplit_ReturnsFalse" classname="GDX.Vector3ExtensionsTests" runstate="Runnable" seed="1746708471" result="Passed" start-time="2024-01-01 23:59:54Z" end-time="2024-01-01 23:59:54Z" duration="0.000549" asserts="0">
            <properties>
              <property name="Category" value="GDX.Tests" />
            </properties>
            <output><![CDATA[[Code Coverage] Code Coverage results for visited sequence points were saved in D:/BuildAgent/work/GDX-Documentation/Staging/CodeCoverage/GDX_Development-opencov/EditMode/TestCoverageResults_0682.xml
[Code Coverage] Code Coverage requires Burst Compilation to be disabled in order to obtain accurate coverage information. To disable Burst Compilation uncheck Jobs > Burst > Enable Compilation or pass '--burst-disable-compilation' to the command line in batchmode.
]]></output>
          </test-case>
          <test-case id="1192" name="TryParseVector3_CharSecondSplit_ReturnsFalse" fullname="GDX.Vector3ExtensionsTests.TryParseVector3_CharSecondSplit_ReturnsFalse" methodname="TryParseVector3_CharSecondSplit_ReturnsFalse" classname="GDX.Vector3ExtensionsTests" runstate="Runnable" seed="1299894656" result="Passed" start-time="2024-01-01 23:59:55Z" end-time="2024-01-01 23:59:55Z" duration="0.000339" asserts="0">
            <properties>
              <property name="Category" value="GDX.Tests" />
            </properties>
            <output><![CDATA[[Code Coverage] Code Coverage results for visited sequence points were saved in D:/BuildAgent/work/GDX-Documentation/Staging/CodeCoverage/GDX_Development-opencov/EditMode/TestCoverageResults_0683.xml
[Code Coverage] Code Coverage requires Burst Compilation to be disabled in order to obtain accurate coverage information. To disable Burst Compilation uncheck Jobs > Burst > Enable Compilation or pass '--burst-disable-compilation' to the command line in batchmode.
]]></output>
          </test-case>
          <test-case id="1193" name="TryParseVector3_CharThirdSplit_ReturnsFalse" fullname="GDX.Vector3ExtensionsTests.TryParseVector3_CharThirdSplit_ReturnsFalse" methodname="TryParseVector3_CharThirdSplit_ReturnsFalse" classname="GDX.Vector3ExtensionsTests" runstate="Runnable" seed="1541000088" result="Passed" start-time="2024-01-01 23:59:56Z" end-time="2024-01-01 23:59:56Z" duration="0.000338" asserts="0">
            <properties>
              <property name="Category" value="GDX.Tests" />
            </properties>
            <output><![CDATA[[Code Coverage] Code Coverage results for visited sequence points were saved in D:/BuildAgent/work/GDX-Documentation/Staging/CodeCoverage/GDX_Development-opencov/EditMode/TestCoverageResults_0684.xml
[Code Coverage] Code Coverage requires Burst Compilation to be disabled in order to obtain accurate coverage information. To disable Burst Compilation uncheck Jobs > Burst > Enable Compilation or pass '--burst-disable-compilation' to the command line in batchmode.
]]></output>
          </test-case>
          <test-case id="1190" name="TryParseVector3_NoSecondSplit_ReturnsFalse" fullname="GDX.Vector3ExtensionsTests.TryParseVector3_NoSecondSplit_ReturnsFalse" methodname="TryParseVector3_NoSecondSplit_ReturnsFalse" classname="GDX.Vector3ExtensionsTests" runstate="Runnable" seed="1893505273" result="Passed" start-time="2024-01-01 23:59:57Z" end-time="2024-01-01 23:59:57Z" duration="0.000328" asserts="0">
            <properties>
              <property name="Category" value="GDX.Tests" />
            </properties>
            <output><![CDATA[[Code Coverage] Code Coverage results for visited sequence points were saved in D:/BuildAgent/work/GDX-Documentation/Staging/CodeCoverage/GDX_Development-opencov/EditMode/TestCoverageResults_0685.xml
[Code Coverage] Code Coverage requires Burst Compilation to be disabled in order to obtain accurate coverage information. To disable Burst Compilation uncheck Jobs > Burst > Enable Compilation or pass '--burst-disable-compilation' to the command line in batchmode.
]]></output>
          </test-case>
          <test-case id="1194" name="TryParseVector3_NoSpaces_ReturnsVector3" fullname="GDX.Vector3ExtensionsTests.TryParseVector3_NoSpaces_ReturnsVector3" methodname="TryParseVector3_NoSpaces_ReturnsVector3" classname="GDX.Vector3ExtensionsTests" runstate="Runnable" seed="1725628282" result="Passed" start-time="2024-01-01 23:59:57Z" end-time="2024-01-01 23:59:57Z" duration="0.000338" asserts="0">
            <properties>
              <property name="Category" value="GDX.Tests" />
            </properties>
            <output><![CDATA[[Code Coverage] Code Coverage results for visited sequence points were saved in D:/BuildAgent/work/GDX-Documentation/Staging/CodeCoverage/GDX_Development-opencov/EditMode/TestCoverageResults_0686.xml
[Code Coverage] Code Coverage requires Burst Compilation to be disabled in order to obtain accurate coverage information. To disable Burst Compilation uncheck Jobs > Burst > Enable Compilation or pass '--burst-disable-compilation' to the command line in batchmode.
]]></output>
          </test-case>
          <test-case id="1189" name="TryParseVector3_NoSplit_ReturnsVector2Zero" fullname="GDX.Vector3ExtensionsTests.TryParseVector3_NoSplit_ReturnsVector2Zero" methodname="TryParseVector3_NoSplit_ReturnsVector2Zero" classname="GDX.Vector3ExtensionsTests" runstate="Runnable" seed="686754019" result="Passed" start-time="2024-01-01 23:59:58Z" end-time="2024-01-01 23:59:58Z" duration="0.000325" asserts="0">
            <properties>
              <property name="Category" value="GDX.Tests" />
            </properties>
            <output><![CDATA[[Code Coverage] Code Coverage results for visited sequence points were saved in D:/BuildAgent/work/GDX-Documentation/Staging/CodeCoverage/GDX_Development-opencov/EditMode/TestCoverageResults_0687.xml
[Code Coverage] Code Coverage requires Burst Compilation to be disabled in order to obtain accurate coverage information. To disable Burst Compilation uncheck Jobs > Burst > Enable Compilation or pass '--burst-disable-compilation' to the command line in batchmode.
]]></output>
          </test-case>
          <test-case id="1195" name="TryParseVector3_SpacedValues_ReturnsVector3" fullname="GDX.Vector3ExtensionsTests.TryParseVector3_SpacedValues_ReturnsVector3" methodname="TryParseVector3_SpacedValues_ReturnsVector3" classname="GDX.Vector3ExtensionsTests" runstate="Runnable" seed="313518515" result="Passed" start-time="2024-01-01 23:59:59Z" end-time="2024-01-01 23:59:59Z" duration="0.000329" asserts="0">
            <properties>
              <property name="Category" value="GDX.Tests" />
            </properties>
            <output><![CDATA[[Code Coverage] Code Coverage results for visited sequence points were saved in D:/BuildAgent/work/GDX-Documentation/Staging/CodeCoverage/GDX_Development-opencov/EditMode/TestCoverageResults_0688.xml
[Code Coverage] Code Coverage requires Burst Compilation to be disabled in order to obtain accurate coverage information. To disable Burst Compilation uncheck Jobs > Burst > Enable Compilation or pass '--burst-disable-compilation' to the command line in batchmode.
Executing cleanup for: Unity.PerformanceTesting.Editor.TestRunBuilder
]]></output>
          </test-case>
        </test-suite>
      </test-suite>
    </test-suite>
  </test-suite>
</test-run>